  [1m[35m (0.1ms)[0m  [1m[34mSELECT sqlite_version(*)[0m
  ↳ bin/rails:9
  [1m[35m (111.2ms)[0m  [1m[35mCREATE TABLE "schema_migrations" ("version" varchar NOT NULL PRIMARY KEY)[0m
  ↳ bin/rails:9
  [1m[35m (111.2ms)[0m  [1m[35mCREATE TABLE "ar_internal_metadata" ("key" varchar NOT NULL PRIMARY KEY, "value" varchar, "created_at" datetime NOT NULL, "updated_at" datetime NOT NULL)[0m
  ↳ bin/rails:9
  [1m[36mActiveRecord::InternalMetadata Load (0.4ms)[0m  [1m[34mSELECT  "ar_internal_metadata".* FROM "ar_internal_metadata" WHERE "ar_internal_metadata"."key" = ? LIMIT ?[0m  [["key", "environment"], ["LIMIT", 1]]
  ↳ bin/rails:9
  [1m[35m (0.1ms)[0m  [1m[36mbegin transaction[0m
  ↳ bin/rails:9
  [1m[36mActiveRecord::InternalMetadata Create (0.3ms)[0m  [1m[32mINSERT INTO "ar_internal_metadata" ("key", "value", "created_at", "updated_at") VALUES (?, ?, ?, ?)[0m  [["key", "environment"], ["value", "development"], ["created_at", "2021-11-03 12:16:33.505522"], ["updated_at", "2021-11-03 12:16:33.505522"]]
  ↳ bin/rails:9
  [1m[35m (77.5ms)[0m  [1m[36mcommit transaction[0m
  ↳ bin/rails:9
  [1m[35m (0.3ms)[0m  [1m[34mSELECT "schema_migrations"."version" FROM "schema_migrations" ORDER BY "schema_migrations"."version" ASC[0m
  ↳ bin/rails:9
Started GET "/" for 127.0.0.1 at 2021-11-03 17:49:03 +0530
Processing by Rails::WelcomeController#index as HTML
  Rendering /home/satya/.rvm/gems/ruby-2.6.8/gems/railties-5.2.6/lib/rails/templates/rails/welcome/index.html.erb
  Rendered /home/satya/.rvm/gems/ruby-2.6.8/gems/railties-5.2.6/lib/rails/templates/rails/welcome/index.html.erb (7.5ms)
Completed 200 OK in 54ms (Views: 21.8ms | ActiveRecord: 0.0ms)


Started GET "/" for 127.0.0.1 at 2021-11-03 17:49:10 +0530
Processing by Rails::WelcomeController#index as HTML
  Rendering /home/satya/.rvm/gems/ruby-2.6.8/gems/railties-5.2.6/lib/rails/templates/rails/welcome/index.html.erb
  Rendered /home/satya/.rvm/gems/ruby-2.6.8/gems/railties-5.2.6/lib/rails/templates/rails/welcome/index.html.erb (3.7ms)
Completed 200 OK in 13ms (Views: 7.5ms | ActiveRecord: 0.0ms)


Started GET "/application" for 127.0.0.1 at 2021-11-03 17:54:01 +0530
  
ActionController::RoutingError (No route matches [GET] "/application"):
  
actionpack (5.2.6) lib/action_dispatch/middleware/debug_exceptions.rb:65:in `call'
web-console (3.7.0) lib/web_console/middleware.rb:135:in `call_app'
web-console (3.7.0) lib/web_console/middleware.rb:30:in `block in call'
web-console (3.7.0) lib/web_console/middleware.rb:20:in `catch'
web-console (3.7.0) lib/web_console/middleware.rb:20:in `call'
actionpack (5.2.6) lib/action_dispatch/middleware/show_exceptions.rb:33:in `call'
railties (5.2.6) lib/rails/rack/logger.rb:38:in `call_app'
railties (5.2.6) lib/rails/rack/logger.rb:26:in `block in call'
activesupport (5.2.6) lib/active_support/tagged_logging.rb:71:in `block in tagged'
activesupport (5.2.6) lib/active_support/tagged_logging.rb:28:in `tagged'
activesupport (5.2.6) lib/active_support/tagged_logging.rb:71:in `tagged'
railties (5.2.6) lib/rails/rack/logger.rb:26:in `call'
sprockets-rails (3.2.2) lib/sprockets/rails/quiet_assets.rb:13:in `call'
actionpack (5.2.6) lib/action_dispatch/middleware/remote_ip.rb:81:in `call'
actionpack (5.2.6) lib/action_dispatch/middleware/request_id.rb:27:in `call'
rack (2.2.3) lib/rack/method_override.rb:24:in `call'
rack (2.2.3) lib/rack/runtime.rb:22:in `call'
activesupport (5.2.6) lib/active_support/cache/strategy/local_cache_middleware.rb:29:in `call'
actionpack (5.2.6) lib/action_dispatch/middleware/executor.rb:14:in `call'
actionpack (5.2.6) lib/action_dispatch/middleware/static.rb:127:in `call'
rack (2.2.3) lib/rack/sendfile.rb:110:in `call'
railties (5.2.6) lib/rails/engine.rb:524:in `call'
puma (3.12.6) lib/puma/configuration.rb:227:in `call'
puma (3.12.6) lib/puma/server.rb:706:in `handle_request'
puma (3.12.6) lib/puma/server.rb:476:in `process_client'
puma (3.12.6) lib/puma/server.rb:334:in `block in run'
puma (3.12.6) lib/puma/thread_pool.rb:135:in `block in spawn_thread'
Started GET "/" for 127.0.0.1 at 2021-11-03 17:54:14 +0530
Processing by Rails::WelcomeController#index as HTML
  Rendering /home/satya/.rvm/gems/ruby-2.6.8/gems/railties-5.2.6/lib/rails/templates/rails/welcome/index.html.erb
  Rendered /home/satya/.rvm/gems/ruby-2.6.8/gems/railties-5.2.6/lib/rails/templates/rails/welcome/index.html.erb (4.8ms)
Completed 200 OK in 20ms (Views: 12.4ms | ActiveRecord: 0.0ms)


Started GET "/main/index" for 127.0.0.1 at 2021-11-03 17:58:33 +0530
  
ActionController::RoutingError (No route matches [GET] "/main/index"):
  
actionpack (5.2.6) lib/action_dispatch/middleware/debug_exceptions.rb:65:in `call'
web-console (3.7.0) lib/web_console/middleware.rb:135:in `call_app'
web-console (3.7.0) lib/web_console/middleware.rb:30:in `block in call'
web-console (3.7.0) lib/web_console/middleware.rb:20:in `catch'
web-console (3.7.0) lib/web_console/middleware.rb:20:in `call'
actionpack (5.2.6) lib/action_dispatch/middleware/show_exceptions.rb:33:in `call'
railties (5.2.6) lib/rails/rack/logger.rb:38:in `call_app'
railties (5.2.6) lib/rails/rack/logger.rb:26:in `block in call'
activesupport (5.2.6) lib/active_support/tagged_logging.rb:71:in `block in tagged'
activesupport (5.2.6) lib/active_support/tagged_logging.rb:28:in `tagged'
activesupport (5.2.6) lib/active_support/tagged_logging.rb:71:in `tagged'
railties (5.2.6) lib/rails/rack/logger.rb:26:in `call'
sprockets-rails (3.2.2) lib/sprockets/rails/quiet_assets.rb:13:in `call'
actionpack (5.2.6) lib/action_dispatch/middleware/remote_ip.rb:81:in `call'
actionpack (5.2.6) lib/action_dispatch/middleware/request_id.rb:27:in `call'
rack (2.2.3) lib/rack/method_override.rb:24:in `call'
rack (2.2.3) lib/rack/runtime.rb:22:in `call'
activesupport (5.2.6) lib/active_support/cache/strategy/local_cache_middleware.rb:29:in `call'
actionpack (5.2.6) lib/action_dispatch/middleware/executor.rb:14:in `call'
actionpack (5.2.6) lib/action_dispatch/middleware/static.rb:127:in `call'
rack (2.2.3) lib/rack/sendfile.rb:110:in `call'
railties (5.2.6) lib/rails/engine.rb:524:in `call'
puma (3.12.6) lib/puma/configuration.rb:227:in `call'
puma (3.12.6) lib/puma/server.rb:706:in `handle_request'
puma (3.12.6) lib/puma/server.rb:476:in `process_client'
puma (3.12.6) lib/puma/server.rb:334:in `block in run'
puma (3.12.6) lib/puma/thread_pool.rb:135:in `block in spawn_thread'
Started GET "/main/index" for 127.0.0.1 at 2021-11-03 17:58:57 +0530
Processing by MainController#index as HTML
  Rendering main/index.html.erb within layouts/application
  Rendered main/index.html.erb within layouts/application (970.3ms)
Completed 200 OK in 997ms (Views: 987.4ms | ActiveRecord: 0.0ms)


Started GET "/main/index" for 127.0.0.1 at 2021-11-03 18:00:14 +0530
Processing by MainController#index as HTML
  Rendering main/index.html.erb within layouts/application
  Rendered main/index.html.erb within layouts/application (74.3ms)
Completed 200 OK in 101ms (Views: 98.9ms | ActiveRecord: 0.0ms)


Started GET "/" for 127.0.0.1 at 2021-11-03 18:01:08 +0530
Processing by MainController#index as HTML
  Rendering main/index.html.erb within layouts/application
  Rendered main/index.html.erb within layouts/application (26.5ms)
Completed 200 OK in 54ms (Views: 51.1ms | ActiveRecord: 0.0ms)


Started GET "/" for 127.0.0.1 at 2021-11-03 18:02:36 +0530
Processing by MainController#index as HTML
  Rendering main/index.html.erb within layouts/application
  Rendered main/index.html.erb within layouts/application (0.5ms)
Completed 200 OK in 25ms (Views: 22.9ms | ActiveRecord: 0.0ms)


Started GET "/" for 127.0.0.1 at 2021-11-03 18:03:18 +0530
Processing by MainController#index as HTML
  Rendering main/index.html.erb within layouts/application
  Rendered main/index.html.erb within layouts/application (0.6ms)
Completed 200 OK in 71ms (Views: 68.8ms | ActiveRecord: 0.0ms)


Started GET "/" for 127.0.0.1 at 2021-11-03 18:05:21 +0530
Processing by MainController#index as HTML
  Rendering main/index.html.erb within layouts/application
  Rendered main/index.html.erb within layouts/application (1.1ms)
Completed 200 OK in 45ms (Views: 40.9ms | ActiveRecord: 0.0ms)


Started GET "/" for 127.0.0.1 at 2021-11-03 18:07:33 +0530
Processing by MainController#index as HTML
  Rendering main/index.html.erb within layouts/application
  Rendered main/index.html.erb within layouts/application (0.7ms)
Completed 200 OK in 32ms (Views: 29.7ms | ActiveRecord: 0.0ms)


Started GET "/" for 127.0.0.1 at 2021-11-03 18:08:19 +0530
Processing by MainController#index as HTML
  Rendering main/index.html.erb within layouts/application
  Rendered main/index.html.erb within layouts/application (0.5ms)
Completed 200 OK in 207ms (Views: 205.7ms | ActiveRecord: 0.0ms)


Started GET "/" for ::1 at 2021-11-03 18:11:27 +0530
Processing by MainController#index as HTML
  Rendering main/index.html.erb within layouts/application
  Rendered main/index.html.erb within layouts/application (1.6ms)
Completed 200 OK in 269ms (Views: 265.8ms | ActiveRecord: 0.0ms)


Started GET "/" for 127.0.0.1 at 2021-11-03 19:20:29 +0530
Processing by MainController#index as HTML
  Rendering main/index.html.erb within layouts/application
  Rendered main/index.html.erb within layouts/application (0.6ms)
Completed 200 OK in 76ms (Views: 74.5ms | ActiveRecord: 0.0ms)


Started GET "/" for 127.0.0.1 at 2021-11-03 19:22:17 +0530
Processing by MainController#index as HTML
  Rendering main/index.html.erb within layouts/application
  Rendered main/index.html.erb within layouts/application (0.5ms)
Completed 200 OK in 42ms (Views: 39.0ms | ActiveRecord: 0.0ms)


Started GET "/script.js" for 127.0.0.1 at 2021-11-03 19:22:18 +0530
  
ActionController::RoutingError (No route matches [GET] "/script.js"):
  
actionpack (5.2.6) lib/action_dispatch/middleware/debug_exceptions.rb:65:in `call'
web-console (3.7.0) lib/web_console/middleware.rb:135:in `call_app'
web-console (3.7.0) lib/web_console/middleware.rb:30:in `block in call'
web-console (3.7.0) lib/web_console/middleware.rb:20:in `catch'
web-console (3.7.0) lib/web_console/middleware.rb:20:in `call'
actionpack (5.2.6) lib/action_dispatch/middleware/show_exceptions.rb:33:in `call'
railties (5.2.6) lib/rails/rack/logger.rb:38:in `call_app'
railties (5.2.6) lib/rails/rack/logger.rb:26:in `block in call'
activesupport (5.2.6) lib/active_support/tagged_logging.rb:71:in `block in tagged'
activesupport (5.2.6) lib/active_support/tagged_logging.rb:28:in `tagged'
activesupport (5.2.6) lib/active_support/tagged_logging.rb:71:in `tagged'
railties (5.2.6) lib/rails/rack/logger.rb:26:in `call'
sprockets-rails (3.2.2) lib/sprockets/rails/quiet_assets.rb:13:in `call'
actionpack (5.2.6) lib/action_dispatch/middleware/remote_ip.rb:81:in `call'
actionpack (5.2.6) lib/action_dispatch/middleware/request_id.rb:27:in `call'
rack (2.2.3) lib/rack/method_override.rb:24:in `call'
rack (2.2.3) lib/rack/runtime.rb:22:in `call'
activesupport (5.2.6) lib/active_support/cache/strategy/local_cache_middleware.rb:29:in `call'
actionpack (5.2.6) lib/action_dispatch/middleware/executor.rb:14:in `call'
actionpack (5.2.6) lib/action_dispatch/middleware/static.rb:127:in `call'
rack (2.2.3) lib/rack/sendfile.rb:110:in `call'
railties (5.2.6) lib/rails/engine.rb:524:in `call'
puma (3.12.6) lib/puma/configuration.rb:227:in `call'
puma (3.12.6) lib/puma/server.rb:706:in `handle_request'
puma (3.12.6) lib/puma/server.rb:476:in `process_client'
puma (3.12.6) lib/puma/server.rb:334:in `block in run'
puma (3.12.6) lib/puma/thread_pool.rb:135:in `block in spawn_thread'
Started GET "/" for 127.0.0.1 at 2021-11-03 19:23:00 +0530
Processing by MainController#index as HTML
  Rendering main/index.html.erb within layouts/application
  Rendered main/index.html.erb within layouts/application (0.6ms)
Completed 200 OK in 162ms (Views: 160.3ms | ActiveRecord: 0.0ms)


Started GET "/script.js" for 127.0.0.1 at 2021-11-03 19:23:01 +0530
  
ActionController::RoutingError (No route matches [GET] "/script.js"):
  
actionpack (5.2.6) lib/action_dispatch/middleware/debug_exceptions.rb:65:in `call'
web-console (3.7.0) lib/web_console/middleware.rb:135:in `call_app'
web-console (3.7.0) lib/web_console/middleware.rb:30:in `block in call'
web-console (3.7.0) lib/web_console/middleware.rb:20:in `catch'
web-console (3.7.0) lib/web_console/middleware.rb:20:in `call'
actionpack (5.2.6) lib/action_dispatch/middleware/show_exceptions.rb:33:in `call'
railties (5.2.6) lib/rails/rack/logger.rb:38:in `call_app'
railties (5.2.6) lib/rails/rack/logger.rb:26:in `block in call'
activesupport (5.2.6) lib/active_support/tagged_logging.rb:71:in `block in tagged'
activesupport (5.2.6) lib/active_support/tagged_logging.rb:28:in `tagged'
activesupport (5.2.6) lib/active_support/tagged_logging.rb:71:in `tagged'
railties (5.2.6) lib/rails/rack/logger.rb:26:in `call'
sprockets-rails (3.2.2) lib/sprockets/rails/quiet_assets.rb:13:in `call'
actionpack (5.2.6) lib/action_dispatch/middleware/remote_ip.rb:81:in `call'
actionpack (5.2.6) lib/action_dispatch/middleware/request_id.rb:27:in `call'
rack (2.2.3) lib/rack/method_override.rb:24:in `call'
rack (2.2.3) lib/rack/runtime.rb:22:in `call'
activesupport (5.2.6) lib/active_support/cache/strategy/local_cache_middleware.rb:29:in `call'
actionpack (5.2.6) lib/action_dispatch/middleware/executor.rb:14:in `call'
actionpack (5.2.6) lib/action_dispatch/middleware/static.rb:127:in `call'
rack (2.2.3) lib/rack/sendfile.rb:110:in `call'
railties (5.2.6) lib/rails/engine.rb:524:in `call'
puma (3.12.6) lib/puma/configuration.rb:227:in `call'
puma (3.12.6) lib/puma/server.rb:706:in `handle_request'
puma (3.12.6) lib/puma/server.rb:476:in `process_client'
puma (3.12.6) lib/puma/server.rb:334:in `block in run'
puma (3.12.6) lib/puma/thread_pool.rb:135:in `block in spawn_thread'
Started GET "/script.js" for 127.0.0.1 at 2021-11-03 19:23:01 +0530
  
ActionController::RoutingError (No route matches [GET] "/script.js"):
  
actionpack (5.2.6) lib/action_dispatch/middleware/debug_exceptions.rb:65:in `call'
web-console (3.7.0) lib/web_console/middleware.rb:135:in `call_app'
web-console (3.7.0) lib/web_console/middleware.rb:30:in `block in call'
web-console (3.7.0) lib/web_console/middleware.rb:20:in `catch'
web-console (3.7.0) lib/web_console/middleware.rb:20:in `call'
actionpack (5.2.6) lib/action_dispatch/middleware/show_exceptions.rb:33:in `call'
railties (5.2.6) lib/rails/rack/logger.rb:38:in `call_app'
railties (5.2.6) lib/rails/rack/logger.rb:26:in `block in call'
activesupport (5.2.6) lib/active_support/tagged_logging.rb:71:in `block in tagged'
activesupport (5.2.6) lib/active_support/tagged_logging.rb:28:in `tagged'
activesupport (5.2.6) lib/active_support/tagged_logging.rb:71:in `tagged'
railties (5.2.6) lib/rails/rack/logger.rb:26:in `call'
sprockets-rails (3.2.2) lib/sprockets/rails/quiet_assets.rb:13:in `call'
actionpack (5.2.6) lib/action_dispatch/middleware/remote_ip.rb:81:in `call'
actionpack (5.2.6) lib/action_dispatch/middleware/request_id.rb:27:in `call'
rack (2.2.3) lib/rack/method_override.rb:24:in `call'
rack (2.2.3) lib/rack/runtime.rb:22:in `call'
activesupport (5.2.6) lib/active_support/cache/strategy/local_cache_middleware.rb:29:in `call'
actionpack (5.2.6) lib/action_dispatch/middleware/executor.rb:14:in `call'
actionpack (5.2.6) lib/action_dispatch/middleware/static.rb:127:in `call'
rack (2.2.3) lib/rack/sendfile.rb:110:in `call'
railties (5.2.6) lib/rails/engine.rb:524:in `call'
puma (3.12.6) lib/puma/configuration.rb:227:in `call'
puma (3.12.6) lib/puma/server.rb:706:in `handle_request'
puma (3.12.6) lib/puma/server.rb:476:in `process_client'
puma (3.12.6) lib/puma/server.rb:334:in `block in run'
puma (3.12.6) lib/puma/thread_pool.rb:135:in `block in spawn_thread'
Started GET "/" for 127.0.0.1 at 2021-11-03 19:23:08 +0530
Processing by MainController#index as HTML
  Rendering main/index.html.erb within layouts/application
  Rendered main/index.html.erb within layouts/application (0.3ms)
Completed 200 OK in 21ms (Views: 19.9ms | ActiveRecord: 0.0ms)


Started GET "/script.js" for 127.0.0.1 at 2021-11-03 19:23:08 +0530
  
ActionController::RoutingError (No route matches [GET] "/script.js"):
  
actionpack (5.2.6) lib/action_dispatch/middleware/debug_exceptions.rb:65:in `call'
web-console (3.7.0) lib/web_console/middleware.rb:135:in `call_app'
web-console (3.7.0) lib/web_console/middleware.rb:30:in `block in call'
web-console (3.7.0) lib/web_console/middleware.rb:20:in `catch'
web-console (3.7.0) lib/web_console/middleware.rb:20:in `call'
actionpack (5.2.6) lib/action_dispatch/middleware/show_exceptions.rb:33:in `call'
railties (5.2.6) lib/rails/rack/logger.rb:38:in `call_app'
railties (5.2.6) lib/rails/rack/logger.rb:26:in `block in call'
activesupport (5.2.6) lib/active_support/tagged_logging.rb:71:in `block in tagged'
activesupport (5.2.6) lib/active_support/tagged_logging.rb:28:in `tagged'
activesupport (5.2.6) lib/active_support/tagged_logging.rb:71:in `tagged'
railties (5.2.6) lib/rails/rack/logger.rb:26:in `call'
sprockets-rails (3.2.2) lib/sprockets/rails/quiet_assets.rb:13:in `call'
actionpack (5.2.6) lib/action_dispatch/middleware/remote_ip.rb:81:in `call'
actionpack (5.2.6) lib/action_dispatch/middleware/request_id.rb:27:in `call'
rack (2.2.3) lib/rack/method_override.rb:24:in `call'
rack (2.2.3) lib/rack/runtime.rb:22:in `call'
activesupport (5.2.6) lib/active_support/cache/strategy/local_cache_middleware.rb:29:in `call'
actionpack (5.2.6) lib/action_dispatch/middleware/executor.rb:14:in `call'
actionpack (5.2.6) lib/action_dispatch/middleware/static.rb:127:in `call'
rack (2.2.3) lib/rack/sendfile.rb:110:in `call'
railties (5.2.6) lib/rails/engine.rb:524:in `call'
puma (3.12.6) lib/puma/configuration.rb:227:in `call'
puma (3.12.6) lib/puma/server.rb:706:in `handle_request'
puma (3.12.6) lib/puma/server.rb:476:in `process_client'
puma (3.12.6) lib/puma/server.rb:334:in `block in run'
puma (3.12.6) lib/puma/thread_pool.rb:135:in `block in spawn_thread'
Started GET "/script.js" for 127.0.0.1 at 2021-11-03 19:23:08 +0530
  
ActionController::RoutingError (No route matches [GET] "/script.js"):
  
actionpack (5.2.6) lib/action_dispatch/middleware/debug_exceptions.rb:65:in `call'
web-console (3.7.0) lib/web_console/middleware.rb:135:in `call_app'
web-console (3.7.0) lib/web_console/middleware.rb:30:in `block in call'
web-console (3.7.0) lib/web_console/middleware.rb:20:in `catch'
web-console (3.7.0) lib/web_console/middleware.rb:20:in `call'
actionpack (5.2.6) lib/action_dispatch/middleware/show_exceptions.rb:33:in `call'
railties (5.2.6) lib/rails/rack/logger.rb:38:in `call_app'
railties (5.2.6) lib/rails/rack/logger.rb:26:in `block in call'
activesupport (5.2.6) lib/active_support/tagged_logging.rb:71:in `block in tagged'
activesupport (5.2.6) lib/active_support/tagged_logging.rb:28:in `tagged'
activesupport (5.2.6) lib/active_support/tagged_logging.rb:71:in `tagged'
railties (5.2.6) lib/rails/rack/logger.rb:26:in `call'
sprockets-rails (3.2.2) lib/sprockets/rails/quiet_assets.rb:13:in `call'
actionpack (5.2.6) lib/action_dispatch/middleware/remote_ip.rb:81:in `call'
actionpack (5.2.6) lib/action_dispatch/middleware/request_id.rb:27:in `call'
rack (2.2.3) lib/rack/method_override.rb:24:in `call'
rack (2.2.3) lib/rack/runtime.rb:22:in `call'
activesupport (5.2.6) lib/active_support/cache/strategy/local_cache_middleware.rb:29:in `call'
actionpack (5.2.6) lib/action_dispatch/middleware/executor.rb:14:in `call'
actionpack (5.2.6) lib/action_dispatch/middleware/static.rb:127:in `call'
rack (2.2.3) lib/rack/sendfile.rb:110:in `call'
railties (5.2.6) lib/rails/engine.rb:524:in `call'
puma (3.12.6) lib/puma/configuration.rb:227:in `call'
puma (3.12.6) lib/puma/server.rb:706:in `handle_request'
puma (3.12.6) lib/puma/server.rb:476:in `process_client'
puma (3.12.6) lib/puma/server.rb:334:in `block in run'
puma (3.12.6) lib/puma/thread_pool.rb:135:in `block in spawn_thread'
Started GET "/" for 127.0.0.1 at 2021-11-03 19:24:02 +0530
Processing by MainController#index as HTML
  Rendering main/index.html.erb within layouts/application
  Rendered main/index.html.erb within layouts/application (0.6ms)
Completed 200 OK in 55ms (Views: 52.9ms | ActiveRecord: 0.0ms)


Started GET "/" for 127.0.0.1 at 2021-11-03 19:25:12 +0530
Processing by MainController#index as HTML
  Rendering main/index.html.erb within layouts/application
  Rendered main/index.html.erb within layouts/application (0.8ms)
Completed 200 OK in 104ms (Views: 102.1ms | ActiveRecord: 0.0ms)


Started GET "/" for 127.0.0.1 at 2021-11-03 19:27:46 +0530
Processing by MainController#index as HTML
  Rendering main/index.html.erb within layouts/application
  Rendered main/index.html.erb within layouts/application (0.4ms)
Completed 200 OK in 60ms (Views: 58.8ms | ActiveRecord: 0.0ms)


Started GET "/" for 127.0.0.1 at 2021-11-03 19:28:46 +0530
Processing by MainController#index as HTML
  Rendering main/index.html.erb within layouts/application
  Rendered main/index.html.erb within layouts/application (0.5ms)
Completed 200 OK in 18ms (Views: 16.7ms | ActiveRecord: 0.0ms)


Started GET "/" for 127.0.0.1 at 2021-11-03 19:31:10 +0530
Processing by MainController#index as HTML
  Rendering main/index.html.erb within layouts/application
  Rendered main/index.html.erb within layouts/application (0.5ms)
Completed 200 OK in 43ms (Views: 40.3ms | ActiveRecord: 0.0ms)


Started GET "/" for 127.0.0.1 at 2021-11-03 19:32:45 +0530
Processing by MainController#index as HTML
  Rendering main/index.html.erb within layouts/application
  Rendered main/index.html.erb within layouts/application (0.6ms)
Completed 200 OK in 46ms (Views: 44.0ms | ActiveRecord: 0.0ms)


Started GET "/" for 127.0.0.1 at 2021-11-03 19:38:42 +0530
Processing by MainController#index as HTML
  Rendering main/index.html.erb within layouts/application
  Rendered main/index.html.erb within layouts/application (1.2ms)
Completed 500 Internal Server Error in 846ms (ActiveRecord: 0.0ms)


  
ActionView::Template::Error (couldn't find file 'jquery' with type 'application/javascript'
Checked in these paths: 
  /home/satya/Development/Ruby Stuff/Rails Application/tic_tac_toe/app/assets/config
  /home/satya/Development/Ruby Stuff/Rails Application/tic_tac_toe/app/assets/images
  /home/satya/Development/Ruby Stuff/Rails Application/tic_tac_toe/app/assets/javascripts
  /home/satya/Development/Ruby Stuff/Rails Application/tic_tac_toe/app/assets/stylesheets
  /home/satya/.rvm/gems/ruby-2.6.8/gems/coffee-rails-4.2.2/lib/assets/javascripts
  /home/satya/.rvm/gems/ruby-2.6.8/gems/actioncable-5.2.6/lib/assets/compiled
  /home/satya/.rvm/gems/ruby-2.6.8/gems/activestorage-5.2.6/app/assets/javascripts
  /home/satya/.rvm/gems/ruby-2.6.8/gems/actionview-5.2.6/lib/assets/compiled
  /home/satya/.rvm/gems/ruby-2.6.8/gems/turbolinks-source-5.2.0/lib/assets/javascripts
  /home/satya/Development/Ruby Stuff/Rails Application/tic_tac_toe/node_modules):
     9: <%
    10: =end%>
    11: 
    12:     <%= stylesheet_link_tag    'application', media: 'all', 'data-turbolinks-track': 'reload' %>
    13:     <%= javascript_include_tag 'application', 'data-turbolinks-track': 'reload' %>
    14:   </head>
    15: 
  
app/assets/javascripts/application.js:17
app/views/layouts/application.html.erb:12:in `_app_views_layouts_application_html_erb___1756715556494858924_47272102517980'
Started GET "/" for 127.0.0.1 at 2021-11-03 19:39:18 +0530
Processing by MainController#index as HTML
  Rendering main/index.html.erb within layouts/application
  Rendered main/index.html.erb within layouts/application (0.6ms)
Completed 500 Internal Server Error in 22ms (ActiveRecord: 0.0ms)


  
ActionView::Template::Error (couldn't find file 'jquery_ujs' with type 'application/javascript'
Checked in these paths: 
  /home/satya/Development/Ruby Stuff/Rails Application/tic_tac_toe/app/assets/config
  /home/satya/Development/Ruby Stuff/Rails Application/tic_tac_toe/app/assets/images
  /home/satya/Development/Ruby Stuff/Rails Application/tic_tac_toe/app/assets/javascripts
  /home/satya/Development/Ruby Stuff/Rails Application/tic_tac_toe/app/assets/stylesheets
  /home/satya/.rvm/gems/ruby-2.6.8/gems/coffee-rails-4.2.2/lib/assets/javascripts
  /home/satya/.rvm/gems/ruby-2.6.8/gems/actioncable-5.2.6/lib/assets/compiled
  /home/satya/.rvm/gems/ruby-2.6.8/gems/activestorage-5.2.6/app/assets/javascripts
  /home/satya/.rvm/gems/ruby-2.6.8/gems/actionview-5.2.6/lib/assets/compiled
  /home/satya/.rvm/gems/ruby-2.6.8/gems/turbolinks-source-5.2.0/lib/assets/javascripts
  /home/satya/Development/Ruby Stuff/Rails Application/tic_tac_toe/node_modules):
     9: <%
    10: =end%>
    11: 
    12:     <%= stylesheet_link_tag    'application', media: 'all', 'data-turbolinks-track': 'reload' %>
    13:     <%= javascript_include_tag 'application', 'data-turbolinks-track': 'reload' %>
    14:   </head>
    15: 
  
app/assets/javascripts/application.js:18
app/views/layouts/application.html.erb:12:in `_app_views_layouts_application_html_erb___1756715556494858924_69830430503620'
Started GET "/" for 127.0.0.1 at 2021-11-03 19:41:07 +0530
  
ActionController::RoutingError (uninitialized constant MainController::Present):
  
app/controllers/main_controller.rb:2:in `<class:MainController>'
app/controllers/main_controller.rb:1:in `<main>'
Started GET "/" for 127.0.0.1 at 2021-11-03 19:42:55 +0530
Processing by MainController#index as HTML
  Rendering main/index.html.erb within layouts/application
  Rendered main/index.html.erb within layouts/application (0.6ms)
Completed 500 Internal Server Error in 27ms (ActiveRecord: 0.0ms)


  
ActionView::Template::Error (couldn't find file 'jquery' with type 'application/javascript'
Checked in these paths: 
  /home/satya/Development/Ruby Stuff/Rails Application/tic_tac_toe/app/assets/config
  /home/satya/Development/Ruby Stuff/Rails Application/tic_tac_toe/app/assets/images
  /home/satya/Development/Ruby Stuff/Rails Application/tic_tac_toe/app/assets/javascripts
  /home/satya/Development/Ruby Stuff/Rails Application/tic_tac_toe/app/assets/stylesheets
  /home/satya/.rvm/gems/ruby-2.6.8/gems/coffee-rails-4.2.2/lib/assets/javascripts
  /home/satya/.rvm/gems/ruby-2.6.8/gems/actioncable-5.2.6/lib/assets/compiled
  /home/satya/.rvm/gems/ruby-2.6.8/gems/activestorage-5.2.6/app/assets/javascripts
  /home/satya/.rvm/gems/ruby-2.6.8/gems/actionview-5.2.6/lib/assets/compiled
  /home/satya/.rvm/gems/ruby-2.6.8/gems/turbolinks-source-5.2.0/lib/assets/javascripts
  /home/satya/Development/Ruby Stuff/Rails Application/tic_tac_toe/node_modules):
     9: <%
    10: =end%>
    11: 
    12:     <%= stylesheet_link_tag    'application', media: 'all', 'data-turbolinks-track': 'reload' %>
    13:     <%= javascript_include_tag 'application', 'data-turbolinks-track': 'reload' %>
    14:   </head>
    15: 
  
app/assets/javascripts/application.js:16
app/views/layouts/application.html.erb:12:in `_app_views_layouts_application_html_erb___1756715556494858924_69830432794640'
Started GET "/" for 127.0.0.1 at 2021-11-04 09:40:09 +0530
Processing by MainController#index as HTML
  Rendering main/index.html.erb within layouts/application
  Rendered main/index.html.erb within layouts/application (1.3ms)
Completed 200 OK in 1200ms (Views: 1192.5ms | ActiveRecord: 0.0ms)


Started GET "/" for 127.0.0.1 at 2021-11-04 09:42:59 +0530
Processing by MainController#index as HTML
  Rendering main/index.html.erb within layouts/application
  Rendered main/index.html.erb within layouts/application (1.4ms)
Completed 200 OK in 310ms (Views: 308.3ms | ActiveRecord: 0.0ms)


Started GET "/" for 127.0.0.1 at 2021-11-04 09:43:47 +0530
Processing by MainController#index as HTML
  Rendering main/index.html.erb within layouts/application
  Rendered main/index.html.erb within layouts/application (2.1ms)
Completed 200 OK in 118ms (Views: 113.5ms | ActiveRecord: 0.0ms)


Started GET "/" for 127.0.0.1 at 2021-11-04 10:02:30 +0530
Processing by MainController#index as HTML
  Rendering main/index.html.erb within layouts/application
  Rendered main/index.html.erb within layouts/application (0.5ms)
Completed 200 OK in 254ms (Views: 250.9ms | ActiveRecord: 0.0ms)


Started GET "/" for 127.0.0.1 at 2021-11-05 09:28:06 +0530
Processing by MainController#index as HTML
  Rendering main/index.html.erb within layouts/application
  Rendered main/index.html.erb within layouts/application (16.1ms)
Completed 200 OK in 854ms (Views: 846.6ms | ActiveRecord: 0.0ms)


Started GET "/" for 127.0.0.1 at 2021-11-05 09:28:30 +0530
Processing by MainController#index as HTML
  Rendering main/index.html.erb within layouts/application
  Rendered main/index.html.erb within layouts/application (0.6ms)
Completed 200 OK in 123ms (Views: 120.2ms | ActiveRecord: 0.0ms)


